0 info it worked if it ends with ok
1 verbose cli [ 'node', '/usr/local/bin/npm', 'install', 'node-waf' ]
2 info using npm@1.2.18
3 info using node@v0.10.4
4 verbose read json /Users/disun/Desktop/Basic/package.json
5 warn package.json Basic@0.0.1 No README.md file found!
6 verbose read json /Users/disun/Desktop/Basic/node_modules/express/package.json
7 verbose read json /Users/disun/Desktop/Basic/node_modules/jade/package.json
8 verbose read json /Users/disun/Desktop/Basic/node_modules/mysql/package.json
9 verbose read json /Users/disun/Desktop/Basic/node_modules/nib/package.json
10 verbose read json /Users/disun/Desktop/Basic/node_modules/node-dev/package.json
11 verbose read json /Users/disun/Desktop/Basic/node_modules/stylus/package.json
12 warn package.json jade@0.26.1 No README.md file found!
13 warn package.json stylus@0.27.1 No README.md file found!
14 verbose from cache /Users/disun/Desktop/Basic/package.json
15 verbose readDependencies using package.json deps
16 verbose cache add [ 'node-waf', null ]
17 verbose cache add name=undefined spec="node-waf" args=["node-waf",null]
18 verbose parsed url { protocol: null,
18 verbose parsed url   slashes: null,
18 verbose parsed url   auth: null,
18 verbose parsed url   host: null,
18 verbose parsed url   port: null,
18 verbose parsed url   hostname: null,
18 verbose parsed url   hash: null,
18 verbose parsed url   search: null,
18 verbose parsed url   query: null,
18 verbose parsed url   pathname: 'node-waf',
18 verbose parsed url   path: 'node-waf',
18 verbose parsed url   href: 'node-waf' }
19 silly lockFile f9e51350-node-waf node-waf
20 verbose lock node-waf /Users/disun/.npm/f9e51350-node-waf.lock
21 silly lockFile f9e51350-node-waf node-waf
22 silly lockFile f9e51350-node-waf node-waf
23 verbose addNamed [ 'node-waf', '' ]
24 verbose addNamed [ null, '' ]
25 silly lockFile 8b27428d-node-waf node-waf@
26 verbose lock node-waf@ /Users/disun/.npm/8b27428d-node-waf.lock
27 silly addNameRange { name: 'node-waf', range: '', hasData: false }
28 verbose url raw node-waf
29 verbose url resolving [ 'https://registry.npmjs.org/', './node-waf' ]
30 verbose url resolved https://registry.npmjs.org/node-waf
31 info trying registry request attempt 1 at 18:10:22
32 http GET https://registry.npmjs.org/node-waf
33 http 404 https://registry.npmjs.org/node-waf
34 silly registry.get cb [ 404,
34 silly registry.get   { server: 'CouchDB/1.3.0 (Erlang OTP/R15B03)',
34 silly registry.get     date: 'Tue, 16 Apr 2013 22:10:22 GMT',
34 silly registry.get     'content-type': 'application/json',
34 silly registry.get     'content-length': '52',
34 silly registry.get     'cache-control': 'must-revalidate' } ]
35 silly lockFile 8b27428d-node-waf node-waf@
36 silly lockFile 8b27428d-node-waf node-waf@
37 error 404 'node-waf' is not in the npm registry.
37 error 404 You should bug the author to publish it
37 error 404
37 error 404 Maybe try 'npm search waf'
37 error 404
37 error 404 Note that you can also install from a
37 error 404 tarball, folder, or http url, or git url.
38 error System Darwin 11.4.2
39 error command "node" "/usr/local/bin/npm" "install" "node-waf"
40 error cwd /Users/disun/Desktop/Basic
41 error node -v v0.10.4
42 error npm -v 1.2.18
43 error code E404
44 verbose exit [ 1, true ]
